<?xml version="1.0" encoding="UTF-8"?>
<testsuite failures="0" skipped="0" name="my suite" time="135.85999999999999" tests="11">
  <testcase classname="Employee Master Data Module functionality" name="chromium › Employee Master Data Module functionality › 044_Verify employee information Table headers are visible" time="12.612">
    <system-out><![CDATA[Given Navigate to Dashboard with "english" language.......................passed
Then verify that dashboard page tab name contains QUGEM...................passed
When I click the Employee_Master_data module..............................passed
When I select "GESAMT FIRMEN" using the company selection button, and c...passed
When I delete if in any row, surname column text is tester or developer...passed
Then verify if you write tester or developer in filter surname, row1 is...passed
Then I delete all filter sections to start every test Scenario with a c...passed
Then click module button: "employee_master_data_btn"......................passed
Then I verify url is "https://qugem-staging.netlify.app/employee".........passed
Then verify employee information table "No" are visible...................passed]]></system-out>
  </testcase>
  <testcase classname="Employee Master Data Module functionality" name="chromium › Employee Master Data Module functionality › 044_Verify employee information Table headers are visible [1]" time="12.575000000000003">
    <system-out><![CDATA[Given Navigate to Dashboard with "english" language.......................passed
Then verify that dashboard page tab name contains QUGEM...................passed
When I click the Employee_Master_data module..............................passed
When I select "GESAMT FIRMEN" using the company selection button, and c...passed
When I delete if in any row, surname column text is tester or developer...passed
Then verify if you write tester or developer in filter surname, row1 is...passed
Then I delete all filter sections to start every test Scenario with a c...passed
Then click module button: "employee_master_data_btn"......................passed
Then I verify url is "https://qugem-staging.netlify.app/employee".........passed
Then verify employee information table "First Name" are visible...........passed]]></system-out>
  </testcase>
  <testcase classname="Employee Master Data Module functionality" name="chromium › Employee Master Data Module functionality › 044_Verify employee information Table headers are visible [2]" time="12.150999999999998">
    <system-out><![CDATA[Given Navigate to Dashboard with "english" language.......................passed
Then verify that dashboard page tab name contains QUGEM...................passed
When I click the Employee_Master_data module..............................passed
When I select "GESAMT FIRMEN" using the company selection button, and c...passed
When I delete if in any row, surname column text is tester or developer...passed
Then verify if you write tester or developer in filter surname, row1 is...passed
Then I delete all filter sections to start every test Scenario with a c...passed
Then click module button: "employee_master_data_btn"......................passed
Then I verify url is "https://qugem-staging.netlify.app/employee".........passed
Then verify employee information table "Last Name" are visible............passed]]></system-out>
  </testcase>
  <testcase classname="Employee Master Data Module functionality" name="chromium › Employee Master Data Module functionality › 044_Verify employee information Table headers are visible [3]" time="12.073000000000002">
    <system-out><![CDATA[Given Navigate to Dashboard with "english" language.......................passed
Then verify that dashboard page tab name contains QUGEM...................passed
When I click the Employee_Master_data module..............................passed
When I select "GESAMT FIRMEN" using the company selection button, and c...passed
When I delete if in any row, surname column text is tester or developer...passed
Then verify if you write tester or developer in filter surname, row1 is...passed
Then I delete all filter sections to start every test Scenario with a c...passed
Then click module button: "employee_master_data_btn"......................passed
Then I verify url is "https://qugem-staging.netlify.app/employee".........passed
Then verify employee information table "Client" are visible...............passed]]></system-out>
  </testcase>
  <testcase classname="Employee Master Data Module functionality" name="chromium › Employee Master Data Module functionality › 044_Verify employee information Table headers are visible [4]" time="12.620999999999999">
    <system-out><![CDATA[Given Navigate to Dashboard with "english" language.......................passed
Then verify that dashboard page tab name contains QUGEM...................passed
When I click the Employee_Master_data module..............................passed
When I select "GESAMT FIRMEN" using the company selection button, and c...passed
When I delete if in any row, surname column text is tester or developer...passed
Then verify if you write tester or developer in filter surname, row1 is...passed
Then I delete all filter sections to start every test Scenario with a c...passed
Then click module button: "employee_master_data_btn"......................passed
Then I verify url is "https://qugem-staging.netlify.app/employee".........passed
Then verify employee information table "Company" are visible..............passed]]></system-out>
  </testcase>
  <testcase classname="Employee Master Data Module functionality" name="chromium › Employee Master Data Module functionality › 044_Verify employee information Table headers are visible [5]" time="11.613999999999995">
    <system-out><![CDATA[Given Navigate to Dashboard with "english" language.......................passed
Then verify that dashboard page tab name contains QUGEM...................passed
When I click the Employee_Master_data module..............................passed
When I select "GESAMT FIRMEN" using the company selection button, and c...passed
When I delete if in any row, surname column text is tester or developer...passed
Then verify if you write tester or developer in filter surname, row1 is...passed
Then I delete all filter sections to start every test Scenario with a c...passed
Then click module button: "employee_master_data_btn"......................passed
Then I verify url is "https://qugem-staging.netlify.app/employee".........passed
Then verify employee information table "Entry Date" are visible...........passed]]></system-out>
  </testcase>
  <testcase classname="Employee Master Data Module functionality" name="chromium › Employee Master Data Module functionality › 044_Verify employee information Table headers are visible [6]" time="12.570999999999998">
    <system-out><![CDATA[Given Navigate to Dashboard with "english" language.......................passed
Then verify that dashboard page tab name contains QUGEM...................passed
When I click the Employee_Master_data module..............................passed
When I select "GESAMT FIRMEN" using the company selection button, and c...passed
When I delete if in any row, surname column text is tester or developer...passed
Then verify if you write tester or developer in filter surname, row1 is...passed
Then I delete all filter sections to start every test Scenario with a c...passed
Then click module button: "employee_master_data_btn"......................passed
Then I verify url is "https://qugem-staging.netlify.app/employee".........passed
Then verify employee information table "Role" are visible.................passed]]></system-out>
  </testcase>
  <testcase classname="Employee Master Data Module functionality" name="chromium › Employee Master Data Module functionality › 044_Verify employee information Table headers are visible [7]" time="12.366000000000001">
    <system-out><![CDATA[Given Navigate to Dashboard with "english" language.......................passed
Then verify that dashboard page tab name contains QUGEM...................passed
When I click the Employee_Master_data module..............................passed
When I select "GESAMT FIRMEN" using the company selection button, and c...passed
When I delete if in any row, surname column text is tester or developer...passed
Then verify if you write tester or developer in filter surname, row1 is...passed
Then I delete all filter sections to start every test Scenario with a c...passed
Then click module button: "employee_master_data_btn"......................passed
Then I verify url is "https://qugem-staging.netlify.app/employee".........passed
Then verify employee information table "Dispatcher" are visible...........passed]]></system-out>
  </testcase>
  <testcase classname="Employee Master Data Module functionality" name="chromium › Employee Master Data Module functionality › 044_Verify employee information Table headers are visible [8]" time="12.586">
    <system-out><![CDATA[Given Navigate to Dashboard with "english" language.......................passed
Then verify that dashboard page tab name contains QUGEM...................passed
When I click the Employee_Master_data module..............................passed
When I select "GESAMT FIRMEN" using the company selection button, and c...passed
When I delete if in any row, surname column text is tester or developer...passed
Then verify if you write tester or developer in filter surname, row1 is...passed
Then I delete all filter sections to start every test Scenario with a c...passed
Then click module button: "employee_master_data_btn"......................passed
Then I verify url is "https://qugem-staging.netlify.app/employee".........passed
Then verify employee information table "Wage type" are visible............passed]]></system-out>
  </testcase>
  <testcase classname="Employee Master Data Module functionality" name="chromium › Employee Master Data Module functionality › 044_Verify employee information Table headers are visible [9]" time="12.190999999999999">
    <system-out><![CDATA[Given Navigate to Dashboard with "english" language.......................passed
Then verify that dashboard page tab name contains QUGEM...................passed
When I click the Employee_Master_data module..............................passed
When I select "GESAMT FIRMEN" using the company selection button, and c...passed
When I delete if in any row, surname column text is tester or developer...passed
Then verify if you write tester or developer in filter surname, row1 is...passed
Then I delete all filter sections to start every test Scenario with a c...passed
Then click module button: "employee_master_data_btn"......................passed
Then I verify url is "https://qugem-staging.netlify.app/employee".........passed
Then verify employee information table "Current Vehicle" are visible......passed]]></system-out>
  </testcase>
  <testcase classname="Employee Master Data Module functionality" name="chromium › Employee Master Data Module functionality › 044_Verify employee information Table headers are visible [10]" time="12.499999999999998">
    <system-out><![CDATA[Given Navigate to Dashboard with "english" language.......................passed
Then verify that dashboard page tab name contains QUGEM...................passed
When I click the Employee_Master_data module..............................passed
When I select "GESAMT FIRMEN" using the company selection button, and c...passed
When I delete if in any row, surname column text is tester or developer...passed
Then verify if you write tester or developer in filter surname, row1 is...passed
Then I delete all filter sections to start every test Scenario with a c...passed
Then click module button: "employee_master_data_btn"......................passed
Then I verify url is "https://qugem-staging.netlify.app/employee".........passed
Then verify employee information table "Status" are visible...............passed]]></system-out>
  </testcase>
</testsuite>